<?xml version="1.0" encoding="UTF-8"?>
<!-- Generated by org.testng.reporters.JUnitReportReporter -->
<testsuite hostname="Test-Device" failures="0" tests="4" name="testFreeCRM.HomePageTest" time="43.475" errors="0" timestamp="2022-10-11T07:50:52 IST" skipped="0">
  <testcase classname="testFreeCRM.HomePageTest" name="titleTest" time="9.053"/>
  <system-out/>
  <testcase classname="testFreeCRM.HomePageTest" name="logoTest" time="10.063"/>
  <system-out/>
  <testcase classname="testFreeCRM.HomePageTest" name="companyNameTest" time="14.379"/>
  <system-out/>
  <testcase classname="testFreeCRM.HomePageTest" name="homeMoveTest" time="9.980"/>
  <system-out/>
</testsuite> <!-- testFreeCRM.HomePageTest -->
