<?xml version="1.0" encoding="UTF-8"?>
<!-- Generated by org.testng.reporters.JUnitReportReporter -->
<testsuite hostname="Test-Device" failures="0" tests="1" name="testFreeCRM.CalenderTest" time="15.265" errors="0" timestamp="2022-10-08T19:30:58 IST" skipped="0">
  <testcase classname="testFreeCRM.CalenderTest" name="formattedMonthYear" time="15.265"/>
  <system-out/>
</testsuite> <!-- testFreeCRM.CalenderTest -->
