<?xml version="1.0" encoding="UTF-8"?>
<!-- Generated by org.testng.reporters.JUnitReportReporter -->
<testsuite hostname="Test-Device" failures="0" tests="5" name="testFreeCRM.HomePageTest" time="39.474" errors="0" timestamp="2022-10-04T12:14:27 IST" skipped="0">
  <testcase classname="testFreeCRM.HomePageTest" name="titleTest" time="6.927"/>
  <system-out/>
  <testcase classname="testFreeCRM.HomePageTest" name="logoTest" time="7.373"/>
  <system-out/>
  <testcase classname="testFreeCRM.HomePageTest" name="companyNameTest" time="7.670"/>
  <system-out/>
  <testcase classname="testFreeCRM.HomePageTest" name="homeMoveTest" time="9.614"/>
  <system-out/>
  <testcase classname="testFreeCRM.HomePageTest" name="calenderMoveTest" time="7.890"/>
  <system-out/>
</testsuite> <!-- testFreeCRM.HomePageTest -->
