<?xml version="1.0" encoding="UTF-8"?>
<!-- Generated by org.testng.reporters.JUnitReportReporter -->
<testsuite hostname="Test-Device" failures="0" tests="3" name="testFreeCRM.LoginPageTest" time="23.504" errors="0" timestamp="2022-10-11T07:50:52 IST" skipped="0">
  <testcase classname="testFreeCRM.LoginPageTest" name="loginTitleTest" time="5.170"/>
  <system-out/>
  <testcase classname="testFreeCRM.LoginPageTest" name="allLinkTest" time="9.302"/>
  <system-out/>
  <testcase classname="testFreeCRM.LoginPageTest" name="loginFunTest" time="9.032"/>
  <system-out/>
</testsuite> <!-- testFreeCRM.LoginPageTest -->
