<?xml version="1.0" encoding="UTF-8"?>
<!-- Generated by org.testng.reporters.JUnitReportReporter -->
<testsuite hostname="Test-Device" failures="0" tests="3" name="testFreeCRM.LoginPageTest" time="21.620" errors="0" timestamp="2022-10-04T12:14:27 IST" skipped="0">
  <testcase classname="testFreeCRM.LoginPageTest" name="titleTest" time="6.571"/>
  <system-out/>
  <testcase classname="testFreeCRM.LoginPageTest" name="alllinkTest" time="8.273"/>
  <system-out/>
  <testcase classname="testFreeCRM.LoginPageTest" name="loginTest" time="6.776"/>
  <system-out/>
</testsuite> <!-- testFreeCRM.LoginPageTest -->
