<?xml version="1.0" encoding="UTF-8"?>
<!-- Generated by org.testng.reporters.JUnitReportReporter -->
<testsuite hostname="Test-Device" failures="0" tests="3" name="testFreeCRM.LoginPageTest" time="30.198" errors="0" timestamp="2022-10-09T23:14:21 IST" skipped="0">
  <testcase classname="testFreeCRM.LoginPageTest" name="titleTest" time="7.181"/>
  <system-out/>
  <testcase classname="testFreeCRM.LoginPageTest" name="alllinkTest" time="12.002"/>
  <system-out/>
  <testcase classname="testFreeCRM.LoginPageTest" name="loginTest" time="11.015"/>
  <system-out/>
</testsuite> <!-- testFreeCRM.LoginPageTest -->
