<?xml version="1.0" encoding="UTF-8"?>
<!-- Generated by org.testng.reporters.JUnitReportReporter -->
<testsuite hostname="Test-Device" failures="0" tests="4" name="testFreeCRM.HomePageTest" time="70.325" errors="0" timestamp="2022-10-09T23:14:21 IST" skipped="0">
  <testcase classname="testFreeCRM.HomePageTest" name="titleTest" time="12.163"/>
  <system-out/>
  <testcase classname="testFreeCRM.HomePageTest" name="logoTest" time="13.386"/>
  <system-out/>
  <testcase classname="testFreeCRM.HomePageTest" name="companyNameTest" time="13.396"/>
  <system-out/>
  <testcase classname="testFreeCRM.HomePageTest" name="homeMoveTest" time="31.380"/>
  <system-out/>
</testsuite> <!-- testFreeCRM.HomePageTest -->
