<?xml version="1.0" encoding="UTF-8"?>
<!-- Generated by org.testng.reporters.JUnitReportReporter -->
<testsuite hostname="Test-Device" failures="0" tests="3" name="testFreeCRM.LoginPageTest" time="25.715" errors="0" timestamp="2022-10-10T23:49:00 IST" skipped="0">
  <testcase classname="testFreeCRM.LoginPageTest" name="titleTest" time="5.713"/>
  <system-out/>
  <testcase classname="testFreeCRM.LoginPageTest" name="alllinkTest" time="10.372"/>
  <system-out/>
  <testcase classname="testFreeCRM.LoginPageTest" name="loginTest" time="9.630"/>
  <system-out/>
</testsuite> <!-- testFreeCRM.LoginPageTest -->
